04-Oct-2018 23:50:17.791 INFO [main] org.apache.catalina.startup.VersionLoggerListener.log Server version:        Apache Tomcat/9.0.12
04-Oct-2018 23:50:17.802 INFO [main] org.apache.catalina.startup.VersionLoggerListener.log Server built:          Sep 4 2018 22:13:41 UTC
04-Oct-2018 23:50:17.804 INFO [main] org.apache.catalina.startup.VersionLoggerListener.log Server number:         9.0.12.0
04-Oct-2018 23:50:17.804 INFO [main] org.apache.catalina.startup.VersionLoggerListener.log OS Name:               Windows 10
04-Oct-2018 23:50:17.805 INFO [main] org.apache.catalina.startup.VersionLoggerListener.log OS Version:            10.0
04-Oct-2018 23:50:17.805 INFO [main] org.apache.catalina.startup.VersionLoggerListener.log Architecture:          amd64
04-Oct-2018 23:50:17.807 INFO [main] org.apache.catalina.startup.VersionLoggerListener.log Java Home:             C:\Program Files\Java\jdk1.8.0_161\jre
04-Oct-2018 23:50:17.807 INFO [main] org.apache.catalina.startup.VersionLoggerListener.log JVM Version:           1.8.0_161-b12
04-Oct-2018 23:50:17.807 INFO [main] org.apache.catalina.startup.VersionLoggerListener.log JVM Vendor:            Oracle Corporation
04-Oct-2018 23:50:17.807 INFO [main] org.apache.catalina.startup.VersionLoggerListener.log CATALINA_BASE:         C:\Users\Jordi\Documents\InformaticaUB\4t\1r quatri\ES\linkedin\Linkedin\tomcat
04-Oct-2018 23:50:17.807 INFO [main] org.apache.catalina.startup.VersionLoggerListener.log CATALINA_HOME:         C:\Users\Jordi\Documents\InformaticaUB\4t\1r quatri\ES\linkedin\Linkedin\tomcat
04-Oct-2018 23:50:17.808 INFO [main] org.apache.catalina.startup.VersionLoggerListener.log Command line argument: -Djava.util.logging.config.file=C:\Users\Jordi\Documents\InformaticaUB\4t\1r quatri\ES\linkedin\Linkedin\tomcat\conf\logging.properties
04-Oct-2018 23:50:17.808 INFO [main] org.apache.catalina.startup.VersionLoggerListener.log Command line argument: -Djava.util.logging.manager=org.apache.juli.ClassLoaderLogManager
04-Oct-2018 23:50:17.808 INFO [main] org.apache.catalina.startup.VersionLoggerListener.log Command line argument: -Djdk.tls.ephemeralDHKeySize=2048
04-Oct-2018 23:50:17.808 INFO [main] org.apache.catalina.startup.VersionLoggerListener.log Command line argument: -Djava.protocol.handler.pkgs=org.apache.catalina.webresources
04-Oct-2018 23:50:17.809 INFO [main] org.apache.catalina.startup.VersionLoggerListener.log Command line argument: -Dignore.endorsed.dirs=
04-Oct-2018 23:50:17.809 INFO [main] org.apache.catalina.startup.VersionLoggerListener.log Command line argument: -Dcatalina.base=C:\Users\Jordi\Documents\InformaticaUB\4t\1r quatri\ES\linkedin\Linkedin\tomcat
04-Oct-2018 23:50:17.810 INFO [main] org.apache.catalina.startup.VersionLoggerListener.log Command line argument: -Dcatalina.home=C:\Users\Jordi\Documents\InformaticaUB\4t\1r quatri\ES\linkedin\Linkedin\tomcat
04-Oct-2018 23:50:17.811 INFO [main] org.apache.catalina.startup.VersionLoggerListener.log Command line argument: -Djava.io.tmpdir=C:\Users\Jordi\Documents\InformaticaUB\4t\1r quatri\ES\linkedin\Linkedin\tomcat\temp
04-Oct-2018 23:50:17.811 INFO [main] org.apache.catalina.core.AprLifecycleListener.lifecycleEvent The APR based Apache Tomcat Native library which allows optimal performance in production environments was not found on the java.library.path: [C:\Program Files\Java\jdk1.8.0_161\bin;C:\WINDOWS\Sun\Java\bin;C:\WINDOWS\system32;C:\WINDOWS;C:\ProgramData\Oracle\Java\javapath;C:\Program Files (x86)\Intel\iCLS Client\;C:\Program Files\Intel\iCLS Client\;C:\Windows\system32;C:\Windows;C:\Windows\System32\Wbem;C:\Windows\System32\WindowsPowerShell\v1.0\;C:\Program Files (x86)\Intel\Intel(R) Management Engine Components\DAL;C:\Program Files\Intel\Intel(R) Management Engine Components\DAL;C:\Program Files (x86)\Intel\Intel(R) Management Engine Components\IPT;C:\Program Files\Intel\Intel(R) Management Engine Components\IPT;C:\WINDOWS\system32;C:\WINDOWS;C:\WINDOWS\System32\Wbem;C:\WINDOWS\System32\WindowsPowerShell\v1.0\;C:\Users\Jordi\AppData\Local\GitHub\PortableGit_f02737a78695063deace08e96d5042710d3e32db\cmd\Git.exe;C:\Program Files (x86)\Skype\Phone\;C:\Program Files\Git\cmd;C:\Program Files (x86)\NVIDIA Corporation\PhysX\Common;C:\Program Files\Java\jdk1.8.0_161\bin;C:\Program Files (x86)\Arduino\hardware\tools\avr\bin;C:\Program Files\PuTTY\;C:\WINDOWS\system32;C:\WINDOWS;C:\WINDOWS\System32\Wbem;C:\WINDOWS\System32\WindowsPowerShell\v1.0\;C:\WINDOWS\System32\OpenSSH\;C:\Program Files\TortoiseGit\bin;C:\MinGW\bin;C:\Users\Jordi\AppData\Local\GitHub\PortableGit_f02737a78695063deace08e96d5042710d3e32db\cmd\Git.exe;C:\Users\Jordi\AppData\Local\Microsoft\WindowsApps;C:\Users\Jordi\AppData\Local\GitHubDesktop\bin;C:\Program Files\heroku\bin;;.]
04-Oct-2018 23:50:17.960 INFO [main] org.apache.coyote.AbstractProtocol.init Initializing ProtocolHandler ["http-nio-80"]
04-Oct-2018 23:50:18.134 INFO [main] org.apache.tomcat.util.net.NioSelectorPool.getSharedSelector Using a shared selector for servlet write/read
04-Oct-2018 23:50:18.169 INFO [main] org.apache.coyote.AbstractProtocol.init Initializing ProtocolHandler ["ajp-nio-8009"]
04-Oct-2018 23:50:18.171 INFO [main] org.apache.tomcat.util.net.NioSelectorPool.getSharedSelector Using a shared selector for servlet write/read
04-Oct-2018 23:50:18.172 INFO [main] org.apache.catalina.startup.Catalina.load Initialization processed in 963 ms
04-Oct-2018 23:50:18.252 INFO [main] org.apache.catalina.core.StandardService.startInternal Starting service [Catalina]
04-Oct-2018 23:50:18.252 INFO [main] org.apache.catalina.core.StandardEngine.startInternal Starting Servlet Engine: Apache Tomcat/9.0.12
04-Oct-2018 23:50:18.292 INFO [main] org.apache.catalina.startup.HostConfig.deployDirectory Deploying web application directory [C:\Users\Jordi\Documents\InformaticaUB\4t\1r quatri\ES\linkedin\Linkedin\tomcat\webapps\docs]
04-Oct-2018 23:50:18.960 INFO [main] org.apache.catalina.startup.HostConfig.deployDirectory Deployment of web application directory [C:\Users\Jordi\Documents\InformaticaUB\4t\1r quatri\ES\linkedin\Linkedin\tomcat\webapps\docs] has finished in [667] ms
04-Oct-2018 23:50:18.961 INFO [main] org.apache.catalina.startup.HostConfig.deployDirectory Deploying web application directory [C:\Users\Jordi\Documents\InformaticaUB\4t\1r quatri\ES\linkedin\Linkedin\tomcat\webapps\examples]
04-Oct-2018 23:50:20.176 INFO [main] org.apache.catalina.startup.HostConfig.deployDirectory Deployment of web application directory [C:\Users\Jordi\Documents\InformaticaUB\4t\1r quatri\ES\linkedin\Linkedin\tomcat\webapps\examples] has finished in [1,215] ms
04-Oct-2018 23:50:20.177 INFO [main] org.apache.catalina.startup.HostConfig.deployDirectory Deploying web application directory [C:\Users\Jordi\Documents\InformaticaUB\4t\1r quatri\ES\linkedin\Linkedin\tomcat\webapps\host-manager]
04-Oct-2018 23:50:20.263 INFO [main] org.apache.catalina.startup.HostConfig.deployDirectory Deployment of web application directory [C:\Users\Jordi\Documents\InformaticaUB\4t\1r quatri\ES\linkedin\Linkedin\tomcat\webapps\host-manager] has finished in [86] ms
04-Oct-2018 23:50:20.264 INFO [main] org.apache.catalina.startup.HostConfig.deployDirectory Deploying web application directory [C:\Users\Jordi\Documents\InformaticaUB\4t\1r quatri\ES\linkedin\Linkedin\tomcat\webapps\manager]
04-Oct-2018 23:50:20.353 INFO [main] org.apache.catalina.startup.HostConfig.deployDirectory Deployment of web application directory [C:\Users\Jordi\Documents\InformaticaUB\4t\1r quatri\ES\linkedin\Linkedin\tomcat\webapps\manager] has finished in [89] ms
04-Oct-2018 23:50:20.355 INFO [main] org.apache.catalina.startup.HostConfig.deployDirectory Deploying web application directory [C:\Users\Jordi\Documents\InformaticaUB\4t\1r quatri\ES\linkedin\Linkedin\tomcat\webapps\ROOT]
04-Oct-2018 23:50:20.396 INFO [main] org.apache.catalina.startup.HostConfig.deployDirectory Deployment of web application directory [C:\Users\Jordi\Documents\InformaticaUB\4t\1r quatri\ES\linkedin\Linkedin\tomcat\webapps\ROOT] has finished in [41] ms
04-Oct-2018 23:50:20.400 INFO [main] org.apache.coyote.AbstractProtocol.start Starting ProtocolHandler ["http-nio-80"]
04-Oct-2018 23:50:20.412 INFO [main] org.apache.coyote.AbstractProtocol.start Starting ProtocolHandler ["ajp-nio-8009"]
04-Oct-2018 23:50:20.416 INFO [main] org.apache.catalina.startup.Catalina.start Server startup in 2243 ms
04-Oct-2018 23:53:30.584 INFO [ContainerBackgroundProcessor[StandardEngine[Catalina]]] org.apache.catalina.startup.HostConfig.deployDirectory Deploying web application directory [C:\Users\Jordi\Documents\InformaticaUB\4t\1r quatri\ES\linkedin\Linkedin\tomcat\webapps\hello]
04-Oct-2018 23:53:30.698 INFO [ContainerBackgroundProcessor[StandardEngine[Catalina]]] org.apache.catalina.startup.HostConfig.deployDirectory Deployment of web application directory [C:\Users\Jordi\Documents\InformaticaUB\4t\1r quatri\ES\linkedin\Linkedin\tomcat\webapps\hello] has finished in [115] ms
